mAP: 0.4095
mATE: 0.5820
mASE: 0.2765
mAOE: 0.5229
mAVE: 0.2796
mAAE: 0.1891
NDS: 0.5197
Eval time: 246.9s

Per-class results:
Object Class	AP	ATE	ASE	AOE	AVE	AAE
car	0.627	0.400	0.148	0.077	0.228	0.185
truck	0.319	0.633	0.210	0.119	0.228	0.192
bus	0.373	0.736	0.225	0.148	0.494	0.276
trailer	0.111	0.958	0.268	0.624	0.228	0.043
construction_vehicle	0.082	0.886	0.504	1.352	0.138	0.402
pedestrian	0.499	0.584	0.290	0.595	0.343	0.171
motorcycle	0.418	0.547	0.257	0.725	0.417	0.232
bicycle	0.412	0.446	0.264	0.948	0.161	0.010
traffic_cone	0.680	0.273	0.316	nan	nan	nan
barrier	0.574	0.357	0.283	0.119	nan	nan


Per-class results:
		AMOTA	AMOTP	RECALL	MOTAR	GT	MOTA	MOTP	MT	ML	FAF	TP	FP	FN	IDS	FRAG	TID	LGD
car     	0.611	0.892	0.670	0.825	58317	0.548	0.471	1640	1196	117.8	38703	6770	19216	398	253	1.18	1.52
truck   	0.337	1.296	0.488	0.602	9650	0.293	0.639	145	264	49.6	4699	1870	4945	6	60	1.83	2.44
bus     	0.398	1.300	0.524	0.708	2112	0.369	0.770	35	46	20.1	1101	322	1006	5	20	1.82	2.63
trailer 	0.000	1.639	0.416	0.000	2425	0.000	0.949	35	60	240.8	928	2894	1416	81	18	2.14	3.32
pedestr 	0.440	1.218	0.579	0.757	25423	0.418	0.675	543	557	77.6	14047	3416	10700	676	290	1.62	2.26
motorcy 	0.415	1.267	0.532	0.803	1977	0.409	0.586	40	53	14.8	1008	199	925	44	14	2.27	2.53
bicycle 	0.388	1.245	0.516	0.682	1993	0.347	0.483	47	59	22.0	1014	322	964	15	9	1.60	1.78

Aggregated results:
AMOTA	0.370
AMOTP	1.265
RECALL	0.532
MOTAR	0.625
GT	14556
MOTA	0.341
MOTP	0.653
MT	2485
ML	2235
FAF	77.5
TP	61500
FP	15793
FN	39172
IDS	1225
FRAG	664
TID	1.78
LGD	2.35
Eval time: 2740.6s

Rendering curves
{'label_metrics': {'amota': {'car': 0.6106495033505228, 'truck': 0.3373865181448202, 'bus': 0.3975502497737272, 'trailer': 0.0, 'pedestrian': 0.4397604536955586, 'motorcycle': 0.4146955038451308, 'bicycle': 0.3883170303186923}, 'amotp': {'car': 0.8924711973750421, 'truck': 1.2957838743531855, 'bus': 1.3003834941150232, 'trailer': 1.6386868108348538, 'pedestrian': 1.2180059248956234, 'motorcycle': 1.2670862592463945, 'bicycle': 1.2450804821430566}, 'recall': {'car': 0.6704905945093198, 'truck': 0.4875647668393782, 'bus': 0.5236742424242424, 'trailer': 0.4160824742268041, 'pedestrian': 0.5791212681430201, 'motorcycle': 0.5321193727870511, 'bicycle': 0.5163070747616658}, 'motar': {'car': 0.8250781593158153, 'truck': 0.6020429878697595, 'bus': 0.7075386012715712, 'trailer': 0.0, 'pedestrian': 0.7568164020787357, 'motorcycle': 0.8025793650793651, 'bicycle': 0.6824457593688362}, 'gt': {'car': 58317.0, 'truck': 9650.0, 'bus': 2112.0, 'trailer': 2425.0, 'pedestrian': 25423.0, 'motorcycle': 1977.0, 'bicycle': 1993.0}, 'mota': {'car': 0.5475761784728295, 'truck': 0.293160621761658, 'bus': 0.368844696969697, 'trailer': 0.0, 'pedestrian': 0.4181646540534162, 'motorcycle': 0.40920586747597365, 'bicycle': 0.347215253386854}, 'motp': {'car': 0.47059746755456655, 'truck': 0.6392218184706341, 'bus': 0.7704285716266023, 'trailer': 0.9490150718117194, 'pedestrian': 0.6751249904672156, 'motorcycle': 0.5857332934306844, 'bicycle': 0.48343312404984423}, 'mt': {'car': 1640.0, 'truck': 145.0, 'bus': 35.0, 'trailer': 35.0, 'pedestrian': 543.0, 'motorcycle': 40.0, 'bicycle': 47.0}, 'ml': {'car': 1196.0, 'truck': 264.0, 'bus': 46.0, 'trailer': 60.0, 'pedestrian': 557.0, 'motorcycle': 53.0, 'bicycle': 59.0}, 'faf': {'car': 117.84160139251523, 'truck': 49.56268221574344, 'bus': 20.087336244541483, 'trailer': 240.76539101497505, 'pedestrian': 77.61872301749602, 'motorcycle': 14.76261127596439, 'bicycle': 21.994535519125684}, 'tp': {'car': 38703.0, 'truck': 4699.0, 'bus': 1101.0, 'trailer': 928.0, 'pedestrian': 14047.0, 'motorcycle': 1008.0, 'bicycle': 1014.0}, 'fp': {'car': 6770.0, 'truck': 1870.0, 'bus': 322.0, 'trailer': 2894.0, 'pedestrian': 3416.0, 'motorcycle': 199.0, 'bicycle': 322.0}, 'fn': {'car': 19216.0, 'truck': 4945.0, 'bus': 1006.0, 'trailer': 1416.0, 'pedestrian': 10700.0, 'motorcycle': 925.0, 'bicycle': 964.0}, 'ids': {'car': 398.0, 'truck': 6.0, 'bus': 5.0, 'trailer': 81.0, 'pedestrian': 676.0, 'motorcycle': 44.0, 'bicycle': 15.0}, 'frag': {'car': 253.0, 'truck': 60.0, 'bus': 20.0, 'trailer': 18.0, 'pedestrian': 290.0, 'motorcycle': 14.0, 'bicycle': 9.0}, 'tid': {'car': 1.179392286716011, 'truck': 1.8310580204778157, 'bus': 1.8208955223880596, 'trailer': 2.1419753086419755, 'pedestrian': 1.6225247524752475, 'motorcycle': 2.2674418604651163, 'bicycle': 1.5980392156862746}, 'lgd': {'car': 1.516361511492014, 'truck': 2.4368600682593855, 'bus': 2.6343283582089554, 'trailer': 3.3209876543209877, 'pedestrian': 2.256188118811881, 'motorcycle': 2.5348837209302326, 'bicycle': 1.7794117647058822}}, 'eval_time': 2740.6058871746063, 'cfg': {'tracking_names': ['bicycle', 'bus', 'car', 'motorcycle', 'pedestrian', 'trailer', 'truck'], 'pretty_tracking_names': {'bicycle': 'Bicycle', 'bus': 'Bus', 'car': 'Car', 'motorcycle': 'Motorcycle', 'pedestrian': 'Pedestrian', 'trailer': 'Trailer', 'truck': 'Truck'}, 'tracking_colors': {'bicycle': 'C9', 'bus': 'C2', 'car': 'C0', 'motorcycle': 'C6', 'pedestrian': 'C5', 'trailer': 'C3', 'truck': 'C1'}, 'class_range': {'car': 50, 'truck': 50, 'bus': 50, 'trailer': 50, 'pedestrian': 40, 'motorcycle': 40, 'bicycle': 40}, 'dist_fcn': 'center_distance', 'dist_th_tp': 2.0, 'min_recall': 0.1, 'max_boxes_per_sample': 500, 'metric_worst': {'amota': 0.0, 'amotp': 2.0, 'recall': 0.0, 'motar': 0.0, 'mota': 0.0, 'motp': 2.0, 'mt': 0.0, 'ml': -1.0, 'faf': 500, 'gt': -1, 'tp': 0.0, 'fp': -1.0, 'fn': -1.0, 'ids': -1.0, 'frag': -1.0, 'tid': 20, 'lgd': 20}, 'num_thresholds': 40}, 'amota': 0.36976560844692175, 'amotp': 1.265356863280454, 'recall': 0.5321942562416402, 'motar': 0.625214467854869, 'gt': 14556.714285714286, 'mota': 0.3405953245886327, 'motp': 0.6533649053444667, 'mt': 2485.0, 'ml': 2235.0, 'faf': 77.51898295433732, 'tp': 61500.0, 'fp': 15793.0, 'fn': 39172.0, 'ids': 1225.0, 'frag': 664.0, 'tid': 1.7801895666929286, 'lgd': 2.354145885247049, 'meta': {'use_lidar': False, 'use_camera': True, 'use_radar': False, 'use_map': False, 'use_external': False}}
{'version': 'v1.0-trainval'}

+--------------+-----------+---------+--------+--------+--------+--------+
|   category   | num_preds | num_gts | AP@0.5 | AP@1.0 | AP@1.5 |   AP   |
+--------------+-----------+---------+--------+--------+--------+--------+
| ped_crossing |   111017  |   7200  | 0.2074 | 0.5847 | 0.7641 | 0.5187 |
|   divider    |   238375  |  27332  | 0.3541 | 0.6295 | 0.7513 | 0.5783 |
|   boundary   |   252508  |  21050  | 0.2998 | 0.6785 | 0.8136 | 0.5973 |
+--------------+-----------+---------+--------+--------+--------+--------+
mAP_normal = 0.5648


ped_crossing= 0.5187
divider= 0.5783
boundary= 0.5973
mAP_normal= 0.5648


{'ped_crossing': 0.5187412988941305, 'divider': 0.5783044105114049, 'boundary': 0.5973113380007263, 'mAP_normal': 0.5647856824687538}

+-------------+--------+-------------+-------------+---------------+
| class names |  EPA   | min_ade_err | min_fde_err | miss_rate_err |
+-------------+--------+-------------+-------------+---------------+
|     car     | 0.4861 |    0.6475   |    1.0403   |     0.1393    |
|  pedestrian | 0.3870 |    0.7706   |    1.1727   |     0.1706    |
+-------------+--------+-------------+-------------+---------------+

Car / Ped
epa= 0.4861 / 0.3870
ade= 0.6475 / 0.7706
fde= 1.0403 / 1.1727
mr= 0.1393 / 0.1706


{'car_EPA': 0.486069225022826, 'pedestrian_EPA': 0.387, 'car_min_ade_err': 0.6475250433030985, 'car_min_fde_err': 1.0402519427187689, 'car_miss_rate_err': 0.13932899277229063, 'pedestrian_min_ade_err': 0.7705763232296327, 'pedestrian_min_fde_err': 1.1727032212952813, 'pedestrian_miss_rate_err': 0.1705535324325201}
{'version': 'v1.0-trainval'}

+-------------+--------+--------+--------+--------+--------+--------+--------+
|   metrics   |  0.5s  |  1.0s  |  1.5s  |  2.0s  |  2.5s  |  3.0s  |  avg   |
+-------------+--------+--------+--------+--------+--------+--------+--------+
|   obj_col   | 0.742% | 0.713% | 0.684% | 0.659% | 0.649% | 0.638% | 0.670% |
| obj_box_col | 0.020% | 0.010% | 0.033% | 0.054% | 0.117% | 0.212% | 0.092% |
|      L2     | 0.1911 | 0.2994 | 0.4284 | 0.5809 | 0.7570 | 0.9566 | 0.6123 |
+-------------+--------+--------+--------+--------+--------+--------+--------+

obj_box_col: 0.092%
L2: 0.6123


{'obj_col': 0.006701612793323066, 'obj_box_col': 0.0009170628056583357, 'L2': 0.6123152333829137}



